C:\USERS\ASUS\DOCUMENTS\VISUAL STUDIO 2010\PROJECTS\TES1\DEBUG\TES1.EXE
C:\USERS\ASUS\DOCUMENTS\VISUAL STUDIO 2010\PROJECTS\TES1\DEBUG\TES1.ILK
C:\USERS\ASUS\DOCUMENTS\VISUAL STUDIO 2010\PROJECTS\TES1\DEBUG\TES1.PDB
C:\USERS\ASUS\DOCUMENTS\VISUAL STUDIO 2010\PROJECTS\TES1\TES1\DEBUG\.NETFRAMEWORK,VERSION=V4.0.ASSEMBLYATTRIBUTES.OBJ
C:\USERS\ASUS\DOCUMENTS\VISUAL STUDIO 2010\PROJECTS\TES1\TES1\DEBUG\APP.RES
C:\USERS\ASUS\DOCUMENTS\VISUAL STUDIO 2010\PROJECTS\TES1\TES1\DEBUG\ASSEMBLYINFO.OBJ
C:\Users\Asus\documents\visual studio 2010\Projects\Tes1\Tes1\Debug\cl.command.1.tlog
C:\Users\Asus\documents\visual studio 2010\Projects\Tes1\Tes1\Debug\CL.read.1.tlog
C:\Users\Asus\documents\visual studio 2010\Projects\Tes1\Tes1\Debug\CL.write.1.tlog
C:\Users\Asus\documents\visual studio 2010\Projects\Tes1\Tes1\Debug\link.1016.read.1.tlog
C:\Users\Asus\documents\visual studio 2010\Projects\Tes1\Tes1\Debug\link.1016.write.1.tlog
C:\Users\Asus\documents\visual studio 2010\Projects\Tes1\Tes1\Debug\link.1016-cvtres.read.1.tlog
C:\Users\Asus\documents\visual studio 2010\Projects\Tes1\Tes1\Debug\link.1016-cvtres.write.1.tlog
C:\Users\Asus\documents\visual studio 2010\Projects\Tes1\Tes1\Debug\link.1036.read.1.tlog
C:\Users\Asus\documents\visual studio 2010\Projects\Tes1\Tes1\Debug\link.1036.write.1.tlog
C:\Users\Asus\documents\visual studio 2010\Projects\Tes1\Tes1\Debug\link.1036-cvtres.read.1.tlog
C:\Users\Asus\documents\visual studio 2010\Projects\Tes1\Tes1\Debug\link.1036-cvtres.write.1.tlog
C:\Users\Asus\documents\visual studio 2010\Projects\Tes1\Tes1\Debug\link.1340.read.1.tlog
C:\Users\Asus\documents\visual studio 2010\Projects\Tes1\Tes1\Debug\link.1340.write.1.tlog
C:\Users\Asus\documents\visual studio 2010\Projects\Tes1\Tes1\Debug\link.1340-cvtres.read.1.tlog
C:\Users\Asus\documents\visual studio 2010\Projects\Tes1\Tes1\Debug\link.1340-cvtres.write.1.tlog
C:\Users\Asus\documents\visual studio 2010\Projects\Tes1\Tes1\Debug\link.1440.read.1.tlog
C:\Users\Asus\documents\visual studio 2010\Projects\Tes1\Tes1\Debug\link.1440.write.1.tlog
C:\Users\Asus\documents\visual studio 2010\Projects\Tes1\Tes1\Debug\link.1440-cvtres.read.1.tlog
C:\Users\Asus\documents\visual studio 2010\Projects\Tes1\Tes1\Debug\link.1440-cvtres.write.1.tlog
C:\Users\Asus\documents\visual studio 2010\Projects\Tes1\Tes1\Debug\link.1692.read.1.tlog
C:\Users\Asus\documents\visual studio 2010\Projects\Tes1\Tes1\Debug\link.1692.write.1.tlog
C:\Users\Asus\documents\visual studio 2010\Projects\Tes1\Tes1\Debug\link.1692-cvtres.read.1.tlog
C:\Users\Asus\documents\visual studio 2010\Projects\Tes1\Tes1\Debug\link.1692-cvtres.write.1.tlog
C:\Users\Asus\documents\visual studio 2010\Projects\Tes1\Tes1\Debug\link.204.read.1.tlog
C:\Users\Asus\documents\visual studio 2010\Projects\Tes1\Tes1\Debug\link.204.write.1.tlog
C:\Users\Asus\documents\visual studio 2010\Projects\Tes1\Tes1\Debug\link.204-cvtres.read.1.tlog
C:\Users\Asus\documents\visual studio 2010\Projects\Tes1\Tes1\Debug\link.204-cvtres.write.1.tlog
C:\Users\Asus\documents\visual studio 2010\Projects\Tes1\Tes1\Debug\link.220.read.1.tlog
C:\Users\Asus\documents\visual studio 2010\Projects\Tes1\Tes1\Debug\link.220.write.1.tlog
C:\Users\Asus\documents\visual studio 2010\Projects\Tes1\Tes1\Debug\link.220-cvtres.read.1.tlog
C:\Users\Asus\documents\visual studio 2010\Projects\Tes1\Tes1\Debug\link.220-cvtres.write.1.tlog
C:\Users\Asus\documents\visual studio 2010\Projects\Tes1\Tes1\Debug\link.2368.read.1.tlog
C:\Users\Asus\documents\visual studio 2010\Projects\Tes1\Tes1\Debug\link.2368.write.1.tlog
C:\Users\Asus\documents\visual studio 2010\Projects\Tes1\Tes1\Debug\link.2368-cvtres.read.1.tlog
C:\Users\Asus\documents\visual studio 2010\Projects\Tes1\Tes1\Debug\link.2368-cvtres.write.1.tlog
C:\Users\Asus\documents\visual studio 2010\Projects\Tes1\Tes1\Debug\link.2440.read.1.tlog
C:\Users\Asus\documents\visual studio 2010\Projects\Tes1\Tes1\Debug\link.2440.write.1.tlog
C:\Users\Asus\documents\visual studio 2010\Projects\Tes1\Tes1\Debug\link.2440-cvtres.read.1.tlog
C:\Users\Asus\documents\visual studio 2010\Projects\Tes1\Tes1\Debug\link.2440-cvtres.write.1.tlog
C:\Users\Asus\documents\visual studio 2010\Projects\Tes1\Tes1\Debug\link.2496.read.1.tlog
C:\Users\Asus\documents\visual studio 2010\Projects\Tes1\Tes1\Debug\link.2496.write.1.tlog
C:\Users\Asus\documents\visual studio 2010\Projects\Tes1\Tes1\Debug\link.2496-cvtres.read.1.tlog
C:\Users\Asus\documents\visual studio 2010\Projects\Tes1\Tes1\Debug\link.2496-cvtres.write.1.tlog
C:\Users\Asus\documents\visual studio 2010\Projects\Tes1\Tes1\Debug\link.2608.read.1.tlog
C:\Users\Asus\documents\visual studio 2010\Projects\Tes1\Tes1\Debug\link.2608.write.1.tlog
C:\Users\Asus\documents\visual studio 2010\Projects\Tes1\Tes1\Debug\link.2608-cvtres.read.1.tlog
C:\Users\Asus\documents\visual studio 2010\Projects\Tes1\Tes1\Debug\link.2608-cvtres.write.1.tlog
C:\Users\Asus\documents\visual studio 2010\Projects\Tes1\Tes1\Debug\link.2620.read.1.tlog
C:\Users\Asus\documents\visual studio 2010\Projects\Tes1\Tes1\Debug\link.2620.write.1.tlog
C:\Users\Asus\documents\visual studio 2010\Projects\Tes1\Tes1\Debug\link.2620-cvtres.read.1.tlog
C:\Users\Asus\documents\visual studio 2010\Projects\Tes1\Tes1\Debug\link.2620-cvtres.write.1.tlog
C:\Users\Asus\documents\visual studio 2010\Projects\Tes1\Tes1\Debug\link.2888.read.1.tlog
C:\Users\Asus\documents\visual studio 2010\Projects\Tes1\Tes1\Debug\link.2888.write.1.tlog
C:\Users\Asus\documents\visual studio 2010\Projects\Tes1\Tes1\Debug\link.2888-cvtres.read.1.tlog
C:\Users\Asus\documents\visual studio 2010\Projects\Tes1\Tes1\Debug\link.2888-cvtres.write.1.tlog
C:\Users\Asus\documents\visual studio 2010\Projects\Tes1\Tes1\Debug\link.2896.read.1.tlog
C:\Users\Asus\documents\visual studio 2010\Projects\Tes1\Tes1\Debug\link.2896.write.1.tlog
C:\Users\Asus\documents\visual studio 2010\Projects\Tes1\Tes1\Debug\link.2896-cvtres.read.1.tlog
C:\Users\Asus\documents\visual studio 2010\Projects\Tes1\Tes1\Debug\link.2896-cvtres.write.1.tlog
C:\Users\Asus\documents\visual studio 2010\Projects\Tes1\Tes1\Debug\link.2968.read.1.tlog
C:\Users\Asus\documents\visual studio 2010\Projects\Tes1\Tes1\Debug\link.2968.write.1.tlog
C:\Users\Asus\documents\visual studio 2010\Projects\Tes1\Tes1\Debug\link.2968-cvtres.read.1.tlog
C:\Users\Asus\documents\visual studio 2010\Projects\Tes1\Tes1\Debug\link.2968-cvtres.write.1.tlog
C:\Users\Asus\documents\visual studio 2010\Projects\Tes1\Tes1\Debug\link.3080.read.1.tlog
C:\Users\Asus\documents\visual studio 2010\Projects\Tes1\Tes1\Debug\link.3080.write.1.tlog
C:\Users\Asus\documents\visual studio 2010\Projects\Tes1\Tes1\Debug\link.3080-cvtres.read.1.tlog
C:\Users\Asus\documents\visual studio 2010\Projects\Tes1\Tes1\Debug\link.3080-cvtres.write.1.tlog
C:\Users\Asus\documents\visual studio 2010\Projects\Tes1\Tes1\Debug\link.3432.read.1.tlog
C:\Users\Asus\documents\visual studio 2010\Projects\Tes1\Tes1\Debug\link.3432.write.1.tlog
C:\Users\Asus\documents\visual studio 2010\Projects\Tes1\Tes1\Debug\link.3432-cvtres.read.1.tlog
C:\Users\Asus\documents\visual studio 2010\Projects\Tes1\Tes1\Debug\link.3432-cvtres.write.1.tlog
C:\Users\Asus\documents\visual studio 2010\Projects\Tes1\Tes1\Debug\link.3476.read.1.tlog
C:\Users\Asus\documents\visual studio 2010\Projects\Tes1\Tes1\Debug\link.3476.write.1.tlog
C:\Users\Asus\documents\visual studio 2010\Projects\Tes1\Tes1\Debug\link.3476-cvtres.read.1.tlog
C:\Users\Asus\documents\visual studio 2010\Projects\Tes1\Tes1\Debug\link.3476-cvtres.write.1.tlog
C:\Users\Asus\documents\visual studio 2010\Projects\Tes1\Tes1\Debug\link.3856.read.1.tlog
C:\Users\Asus\documents\visual studio 2010\Projects\Tes1\Tes1\Debug\link.3856.write.1.tlog
C:\Users\Asus\documents\visual studio 2010\Projects\Tes1\Tes1\Debug\link.3856-cvtres.read.1.tlog
C:\Users\Asus\documents\visual studio 2010\Projects\Tes1\Tes1\Debug\link.3856-cvtres.write.1.tlog
C:\Users\Asus\documents\visual studio 2010\Projects\Tes1\Tes1\Debug\link.3884.read.1.tlog
C:\Users\Asus\documents\visual studio 2010\Projects\Tes1\Tes1\Debug\link.3884.write.1.tlog
C:\Users\Asus\documents\visual studio 2010\Projects\Tes1\Tes1\Debug\link.3884-cvtres.read.1.tlog
C:\Users\Asus\documents\visual studio 2010\Projects\Tes1\Tes1\Debug\link.3884-cvtres.write.1.tlog
C:\Users\Asus\documents\visual studio 2010\Projects\Tes1\Tes1\Debug\link.4172.read.1.tlog
C:\Users\Asus\documents\visual studio 2010\Projects\Tes1\Tes1\Debug\link.4172.write.1.tlog
C:\Users\Asus\documents\visual studio 2010\Projects\Tes1\Tes1\Debug\link.4172-cvtres.read.1.tlog
C:\Users\Asus\documents\visual studio 2010\Projects\Tes1\Tes1\Debug\link.4172-cvtres.write.1.tlog
C:\Users\Asus\documents\visual studio 2010\Projects\Tes1\Tes1\Debug\link.4212.read.1.tlog
C:\Users\Asus\documents\visual studio 2010\Projects\Tes1\Tes1\Debug\link.4212.write.1.tlog
C:\Users\Asus\documents\visual studio 2010\Projects\Tes1\Tes1\Debug\link.4212-cvtres.read.1.tlog
C:\Users\Asus\documents\visual studio 2010\Projects\Tes1\Tes1\Debug\link.4212-cvtres.write.1.tlog
C:\Users\Asus\documents\visual studio 2010\Projects\Tes1\Tes1\Debug\link.4236.read.1.tlog
C:\Users\Asus\documents\visual studio 2010\Projects\Tes1\Tes1\Debug\link.4236.write.1.tlog
C:\Users\Asus\documents\visual studio 2010\Projects\Tes1\Tes1\Debug\link.4236-cvtres.read.1.tlog
C:\Users\Asus\documents\visual studio 2010\Projects\Tes1\Tes1\Debug\link.4236-cvtres.write.1.tlog
C:\Users\Asus\documents\visual studio 2010\Projects\Tes1\Tes1\Debug\link.432.read.1.tlog
C:\Users\Asus\documents\visual studio 2010\Projects\Tes1\Tes1\Debug\link.432.write.1.tlog
C:\Users\Asus\documents\visual studio 2010\Projects\Tes1\Tes1\Debug\link.432-cvtres.read.1.tlog
C:\Users\Asus\documents\visual studio 2010\Projects\Tes1\Tes1\Debug\link.432-cvtres.write.1.tlog
C:\Users\Asus\documents\visual studio 2010\Projects\Tes1\Tes1\Debug\link.4412.read.1.tlog
C:\Users\Asus\documents\visual studio 2010\Projects\Tes1\Tes1\Debug\link.4412.write.1.tlog
C:\Users\Asus\documents\visual studio 2010\Projects\Tes1\Tes1\Debug\link.4412-cvtres.read.1.tlog
C:\Users\Asus\documents\visual studio 2010\Projects\Tes1\Tes1\Debug\link.4412-cvtres.write.1.tlog
C:\Users\Asus\documents\visual studio 2010\Projects\Tes1\Tes1\Debug\link.4532.read.1.tlog
C:\Users\Asus\documents\visual studio 2010\Projects\Tes1\Tes1\Debug\link.4532.write.1.tlog
C:\Users\Asus\documents\visual studio 2010\Projects\Tes1\Tes1\Debug\link.4532-cvtres.read.1.tlog
C:\Users\Asus\documents\visual studio 2010\Projects\Tes1\Tes1\Debug\link.4532-cvtres.write.1.tlog
C:\Users\Asus\documents\visual studio 2010\Projects\Tes1\Tes1\Debug\link.4908.read.1.tlog
C:\Users\Asus\documents\visual studio 2010\Projects\Tes1\Tes1\Debug\link.4908.write.1.tlog
C:\Users\Asus\documents\visual studio 2010\Projects\Tes1\Tes1\Debug\link.4908-cvtres.read.1.tlog
C:\Users\Asus\documents\visual studio 2010\Projects\Tes1\Tes1\Debug\link.4908-cvtres.write.1.tlog
C:\Users\Asus\documents\visual studio 2010\Projects\Tes1\Tes1\Debug\link.5028.read.1.tlog
C:\Users\Asus\documents\visual studio 2010\Projects\Tes1\Tes1\Debug\link.5028.write.1.tlog
C:\Users\Asus\documents\visual studio 2010\Projects\Tes1\Tes1\Debug\link.5028-cvtres.read.1.tlog
C:\Users\Asus\documents\visual studio 2010\Projects\Tes1\Tes1\Debug\link.5028-cvtres.write.1.tlog
C:\Users\Asus\documents\visual studio 2010\Projects\Tes1\Tes1\Debug\link.5068.read.1.tlog
C:\Users\Asus\documents\visual studio 2010\Projects\Tes1\Tes1\Debug\link.5068.write.1.tlog
C:\Users\Asus\documents\visual studio 2010\Projects\Tes1\Tes1\Debug\link.5068-cvtres.read.1.tlog
C:\Users\Asus\documents\visual studio 2010\Projects\Tes1\Tes1\Debug\link.5068-cvtres.write.1.tlog
C:\Users\Asus\documents\visual studio 2010\Projects\Tes1\Tes1\Debug\link.5132.read.1.tlog
C:\Users\Asus\documents\visual studio 2010\Projects\Tes1\Tes1\Debug\link.5132.write.1.tlog
C:\Users\Asus\documents\visual studio 2010\Projects\Tes1\Tes1\Debug\link.5132-cvtres.read.1.tlog
C:\Users\Asus\documents\visual studio 2010\Projects\Tes1\Tes1\Debug\link.5132-cvtres.write.1.tlog
C:\Users\Asus\documents\visual studio 2010\Projects\Tes1\Tes1\Debug\link.5152.read.1.tlog
C:\Users\Asus\documents\visual studio 2010\Projects\Tes1\Tes1\Debug\link.5152.write.1.tlog
C:\Users\Asus\documents\visual studio 2010\Projects\Tes1\Tes1\Debug\link.5152-cvtres.read.1.tlog
C:\Users\Asus\documents\visual studio 2010\Projects\Tes1\Tes1\Debug\link.5152-cvtres.write.1.tlog
C:\Users\Asus\documents\visual studio 2010\Projects\Tes1\Tes1\Debug\link.5200.read.1.tlog
C:\Users\Asus\documents\visual studio 2010\Projects\Tes1\Tes1\Debug\link.5200.write.1.tlog
C:\Users\Asus\documents\visual studio 2010\Projects\Tes1\Tes1\Debug\link.5200-cvtres.read.1.tlog
C:\Users\Asus\documents\visual studio 2010\Projects\Tes1\Tes1\Debug\link.5200-cvtres.write.1.tlog
C:\Users\Asus\documents\visual studio 2010\Projects\Tes1\Tes1\Debug\link.5216.read.1.tlog
C:\Users\Asus\documents\visual studio 2010\Projects\Tes1\Tes1\Debug\link.5216.write.1.tlog
C:\Users\Asus\documents\visual studio 2010\Projects\Tes1\Tes1\Debug\link.5216-cvtres.read.1.tlog
C:\Users\Asus\documents\visual studio 2010\Projects\Tes1\Tes1\Debug\link.5216-cvtres.write.1.tlog
C:\Users\Asus\documents\visual studio 2010\Projects\Tes1\Tes1\Debug\link.5224.read.1.tlog
C:\Users\Asus\documents\visual studio 2010\Projects\Tes1\Tes1\Debug\link.5224.write.1.tlog
C:\Users\Asus\documents\visual studio 2010\Projects\Tes1\Tes1\Debug\link.5224-cvtres.read.1.tlog
C:\Users\Asus\documents\visual studio 2010\Projects\Tes1\Tes1\Debug\link.5224-cvtres.write.1.tlog
C:\Users\Asus\documents\visual studio 2010\Projects\Tes1\Tes1\Debug\link.5300.read.1.tlog
C:\Users\Asus\documents\visual studio 2010\Projects\Tes1\Tes1\Debug\link.5300.write.1.tlog
C:\Users\Asus\documents\visual studio 2010\Projects\Tes1\Tes1\Debug\link.5300-cvtres.read.1.tlog
C:\Users\Asus\documents\visual studio 2010\Projects\Tes1\Tes1\Debug\link.5300-cvtres.write.1.tlog
C:\Users\Asus\documents\visual studio 2010\Projects\Tes1\Tes1\Debug\link.5376.read.1.tlog
C:\Users\Asus\documents\visual studio 2010\Projects\Tes1\Tes1\Debug\link.5376.write.1.tlog
C:\Users\Asus\documents\visual studio 2010\Projects\Tes1\Tes1\Debug\link.5376-cvtres.read.1.tlog
C:\Users\Asus\documents\visual studio 2010\Projects\Tes1\Tes1\Debug\link.5376-cvtres.write.1.tlog
C:\Users\Asus\documents\visual studio 2010\Projects\Tes1\Tes1\Debug\link.5412.read.1.tlog
C:\Users\Asus\documents\visual studio 2010\Projects\Tes1\Tes1\Debug\link.5412.write.1.tlog
C:\Users\Asus\documents\visual studio 2010\Projects\Tes1\Tes1\Debug\link.5412-cvtres.read.1.tlog
C:\Users\Asus\documents\visual studio 2010\Projects\Tes1\Tes1\Debug\link.5412-cvtres.write.1.tlog
C:\Users\Asus\documents\visual studio 2010\Projects\Tes1\Tes1\Debug\link.5428.read.1.tlog
C:\Users\Asus\documents\visual studio 2010\Projects\Tes1\Tes1\Debug\link.5428.write.1.tlog
C:\Users\Asus\documents\visual studio 2010\Projects\Tes1\Tes1\Debug\link.5428-cvtres.read.1.tlog
C:\Users\Asus\documents\visual studio 2010\Projects\Tes1\Tes1\Debug\link.5428-cvtres.write.1.tlog
C:\Users\Asus\documents\visual studio 2010\Projects\Tes1\Tes1\Debug\link.5436.read.1.tlog
C:\Users\Asus\documents\visual studio 2010\Projects\Tes1\Tes1\Debug\link.5436.write.1.tlog
C:\Users\Asus\documents\visual studio 2010\Projects\Tes1\Tes1\Debug\link.5436-cvtres.read.1.tlog
C:\Users\Asus\documents\visual studio 2010\Projects\Tes1\Tes1\Debug\link.5436-cvtres.write.1.tlog
C:\Users\Asus\documents\visual studio 2010\Projects\Tes1\Tes1\Debug\link.5588.read.1.tlog
C:\Users\Asus\documents\visual studio 2010\Projects\Tes1\Tes1\Debug\link.5588.write.1.tlog
C:\Users\Asus\documents\visual studio 2010\Projects\Tes1\Tes1\Debug\link.5588-cvtres.read.1.tlog
C:\Users\Asus\documents\visual studio 2010\Projects\Tes1\Tes1\Debug\link.5588-cvtres.write.1.tlog
C:\Users\Asus\documents\visual studio 2010\Projects\Tes1\Tes1\Debug\link.5600.read.1.tlog
C:\Users\Asus\documents\visual studio 2010\Projects\Tes1\Tes1\Debug\link.5600.write.1.tlog
C:\Users\Asus\documents\visual studio 2010\Projects\Tes1\Tes1\Debug\link.5600-cvtres.read.1.tlog
C:\Users\Asus\documents\visual studio 2010\Projects\Tes1\Tes1\Debug\link.5600-cvtres.write.1.tlog
C:\Users\Asus\documents\visual studio 2010\Projects\Tes1\Tes1\Debug\link.5660.read.1.tlog
C:\Users\Asus\documents\visual studio 2010\Projects\Tes1\Tes1\Debug\link.5660.write.1.tlog
C:\Users\Asus\documents\visual studio 2010\Projects\Tes1\Tes1\Debug\link.5660-cvtres.read.1.tlog
C:\Users\Asus\documents\visual studio 2010\Projects\Tes1\Tes1\Debug\link.5660-cvtres.write.1.tlog
C:\Users\Asus\documents\visual studio 2010\Projects\Tes1\Tes1\Debug\link.5716.read.1.tlog
C:\Users\Asus\documents\visual studio 2010\Projects\Tes1\Tes1\Debug\link.5716.write.1.tlog
C:\Users\Asus\documents\visual studio 2010\Projects\Tes1\Tes1\Debug\link.5716-cvtres.read.1.tlog
C:\Users\Asus\documents\visual studio 2010\Projects\Tes1\Tes1\Debug\link.5716-cvtres.write.1.tlog
C:\Users\Asus\documents\visual studio 2010\Projects\Tes1\Tes1\Debug\link.5820.read.1.tlog
C:\Users\Asus\documents\visual studio 2010\Projects\Tes1\Tes1\Debug\link.5820.write.1.tlog
C:\Users\Asus\documents\visual studio 2010\Projects\Tes1\Tes1\Debug\link.5820-cvtres.read.1.tlog
C:\Users\Asus\documents\visual studio 2010\Projects\Tes1\Tes1\Debug\link.5820-cvtres.write.1.tlog
C:\Users\Asus\documents\visual studio 2010\Projects\Tes1\Tes1\Debug\link.600.read.1.tlog
C:\Users\Asus\documents\visual studio 2010\Projects\Tes1\Tes1\Debug\link.600.write.1.tlog
C:\Users\Asus\documents\visual studio 2010\Projects\Tes1\Tes1\Debug\link.600-cvtres.read.1.tlog
C:\Users\Asus\documents\visual studio 2010\Projects\Tes1\Tes1\Debug\link.600-cvtres.write.1.tlog
C:\Users\Asus\documents\visual studio 2010\Projects\Tes1\Tes1\Debug\link.6104.read.1.tlog
C:\Users\Asus\documents\visual studio 2010\Projects\Tes1\Tes1\Debug\link.6104.write.1.tlog
C:\Users\Asus\documents\visual studio 2010\Projects\Tes1\Tes1\Debug\link.6104-cvtres.read.1.tlog
C:\Users\Asus\documents\visual studio 2010\Projects\Tes1\Tes1\Debug\link.6104-cvtres.write.1.tlog
C:\Users\Asus\documents\visual studio 2010\Projects\Tes1\Tes1\Debug\link.6168.read.1.tlog
C:\Users\Asus\documents\visual studio 2010\Projects\Tes1\Tes1\Debug\link.6168.write.1.tlog
C:\Users\Asus\documents\visual studio 2010\Projects\Tes1\Tes1\Debug\link.6168-cvtres.read.1.tlog
C:\Users\Asus\documents\visual studio 2010\Projects\Tes1\Tes1\Debug\link.6168-cvtres.write.1.tlog
C:\Users\Asus\documents\visual studio 2010\Projects\Tes1\Tes1\Debug\link.6456.read.1.tlog
C:\Users\Asus\documents\visual studio 2010\Projects\Tes1\Tes1\Debug\link.6456.write.1.tlog
C:\Users\Asus\documents\visual studio 2010\Projects\Tes1\Tes1\Debug\link.6456-cvtres.read.1.tlog
C:\Users\Asus\documents\visual studio 2010\Projects\Tes1\Tes1\Debug\link.6456-cvtres.write.1.tlog
C:\Users\Asus\documents\visual studio 2010\Projects\Tes1\Tes1\Debug\link.6548.read.1.tlog
C:\Users\Asus\documents\visual studio 2010\Projects\Tes1\Tes1\Debug\link.6548.write.1.tlog
C:\Users\Asus\documents\visual studio 2010\Projects\Tes1\Tes1\Debug\link.6548-cvtres.read.1.tlog
C:\Users\Asus\documents\visual studio 2010\Projects\Tes1\Tes1\Debug\link.6548-cvtres.write.1.tlog
C:\Users\Asus\documents\visual studio 2010\Projects\Tes1\Tes1\Debug\link.6588.read.1.tlog
C:\Users\Asus\documents\visual studio 2010\Projects\Tes1\Tes1\Debug\link.6588.write.1.tlog
C:\Users\Asus\documents\visual studio 2010\Projects\Tes1\Tes1\Debug\link.6588-cvtres.read.1.tlog
C:\Users\Asus\documents\visual studio 2010\Projects\Tes1\Tes1\Debug\link.6588-cvtres.write.1.tlog
C:\Users\Asus\documents\visual studio 2010\Projects\Tes1\Tes1\Debug\link.6600.read.1.tlog
C:\Users\Asus\documents\visual studio 2010\Projects\Tes1\Tes1\Debug\link.6600.write.1.tlog
C:\Users\Asus\documents\visual studio 2010\Projects\Tes1\Tes1\Debug\link.6600-cvtres.read.1.tlog
C:\Users\Asus\documents\visual studio 2010\Projects\Tes1\Tes1\Debug\link.6600-cvtres.write.1.tlog
C:\Users\Asus\documents\visual studio 2010\Projects\Tes1\Tes1\Debug\link.6680.read.1.tlog
C:\Users\Asus\documents\visual studio 2010\Projects\Tes1\Tes1\Debug\link.6680.write.1.tlog
C:\Users\Asus\documents\visual studio 2010\Projects\Tes1\Tes1\Debug\link.6680-cvtres.read.1.tlog
C:\Users\Asus\documents\visual studio 2010\Projects\Tes1\Tes1\Debug\link.6680-cvtres.write.1.tlog
C:\Users\Asus\documents\visual studio 2010\Projects\Tes1\Tes1\Debug\link.6696.read.1.tlog
C:\Users\Asus\documents\visual studio 2010\Projects\Tes1\Tes1\Debug\link.6696.write.1.tlog
C:\Users\Asus\documents\visual studio 2010\Projects\Tes1\Tes1\Debug\link.6696-cvtres.read.1.tlog
C:\Users\Asus\documents\visual studio 2010\Projects\Tes1\Tes1\Debug\link.6696-cvtres.write.1.tlog
C:\Users\Asus\documents\visual studio 2010\Projects\Tes1\Tes1\Debug\link.6704.read.1.tlog
C:\Users\Asus\documents\visual studio 2010\Projects\Tes1\Tes1\Debug\link.6704.write.1.tlog
C:\Users\Asus\documents\visual studio 2010\Projects\Tes1\Tes1\Debug\link.6704-cvtres.read.1.tlog
C:\Users\Asus\documents\visual studio 2010\Projects\Tes1\Tes1\Debug\link.6704-cvtres.write.1.tlog
C:\Users\Asus\documents\visual studio 2010\Projects\Tes1\Tes1\Debug\link.6712.read.1.tlog
C:\Users\Asus\documents\visual studio 2010\Projects\Tes1\Tes1\Debug\link.6712.write.1.tlog
C:\Users\Asus\documents\visual studio 2010\Projects\Tes1\Tes1\Debug\link.6712-cvtres.read.1.tlog
C:\Users\Asus\documents\visual studio 2010\Projects\Tes1\Tes1\Debug\link.6712-cvtres.write.1.tlog
C:\Users\Asus\documents\visual studio 2010\Projects\Tes1\Tes1\Debug\link.6724.read.1.tlog
C:\Users\Asus\documents\visual studio 2010\Projects\Tes1\Tes1\Debug\link.6724.write.1.tlog
C:\Users\Asus\documents\visual studio 2010\Projects\Tes1\Tes1\Debug\link.6724-cvtres.read.1.tlog
C:\Users\Asus\documents\visual studio 2010\Projects\Tes1\Tes1\Debug\link.6724-cvtres.write.1.tlog
C:\Users\Asus\documents\visual studio 2010\Projects\Tes1\Tes1\Debug\link.6820.read.1.tlog
C:\Users\Asus\documents\visual studio 2010\Projects\Tes1\Tes1\Debug\link.6820.write.1.tlog
C:\Users\Asus\documents\visual studio 2010\Projects\Tes1\Tes1\Debug\link.6820-cvtres.read.1.tlog
C:\Users\Asus\documents\visual studio 2010\Projects\Tes1\Tes1\Debug\link.6820-cvtres.write.1.tlog
C:\Users\Asus\documents\visual studio 2010\Projects\Tes1\Tes1\Debug\link.6872.read.1.tlog
C:\Users\Asus\documents\visual studio 2010\Projects\Tes1\Tes1\Debug\link.6872.write.1.tlog
C:\Users\Asus\documents\visual studio 2010\Projects\Tes1\Tes1\Debug\link.6872-cvtres.read.1.tlog
C:\Users\Asus\documents\visual studio 2010\Projects\Tes1\Tes1\Debug\link.6872-cvtres.write.1.tlog
C:\Users\Asus\documents\visual studio 2010\Projects\Tes1\Tes1\Debug\link.6928.read.1.tlog
C:\Users\Asus\documents\visual studio 2010\Projects\Tes1\Tes1\Debug\link.6928.write.1.tlog
C:\Users\Asus\documents\visual studio 2010\Projects\Tes1\Tes1\Debug\link.6928-cvtres.read.1.tlog
C:\Users\Asus\documents\visual studio 2010\Projects\Tes1\Tes1\Debug\link.6928-cvtres.write.1.tlog
C:\Users\Asus\documents\visual studio 2010\Projects\Tes1\Tes1\Debug\link.6952.read.1.tlog
C:\Users\Asus\documents\visual studio 2010\Projects\Tes1\Tes1\Debug\link.6952.write.1.tlog
C:\Users\Asus\documents\visual studio 2010\Projects\Tes1\Tes1\Debug\link.6952-cvtres.read.1.tlog
C:\Users\Asus\documents\visual studio 2010\Projects\Tes1\Tes1\Debug\link.6952-cvtres.write.1.tlog
C:\Users\Asus\documents\visual studio 2010\Projects\Tes1\Tes1\Debug\link.6976.read.1.tlog
C:\Users\Asus\documents\visual studio 2010\Projects\Tes1\Tes1\Debug\link.6976.write.1.tlog
C:\Users\Asus\documents\visual studio 2010\Projects\Tes1\Tes1\Debug\link.6976-cvtres.read.1.tlog
C:\Users\Asus\documents\visual studio 2010\Projects\Tes1\Tes1\Debug\link.6976-cvtres.write.1.tlog
C:\Users\Asus\documents\visual studio 2010\Projects\Tes1\Tes1\Debug\link.7004.read.1.tlog
C:\Users\Asus\documents\visual studio 2010\Projects\Tes1\Tes1\Debug\link.7004.write.1.tlog
C:\Users\Asus\documents\visual studio 2010\Projects\Tes1\Tes1\Debug\link.7004-cvtres.read.1.tlog
C:\Users\Asus\documents\visual studio 2010\Projects\Tes1\Tes1\Debug\link.7004-cvtres.write.1.tlog
C:\Users\Asus\documents\visual studio 2010\Projects\Tes1\Tes1\Debug\link.708.read.1.tlog
C:\Users\Asus\documents\visual studio 2010\Projects\Tes1\Tes1\Debug\link.708.write.1.tlog
C:\Users\Asus\documents\visual studio 2010\Projects\Tes1\Tes1\Debug\link.708-cvtres.read.1.tlog
C:\Users\Asus\documents\visual studio 2010\Projects\Tes1\Tes1\Debug\link.708-cvtres.write.1.tlog
C:\Users\Asus\documents\visual studio 2010\Projects\Tes1\Tes1\Debug\link.7100.read.1.tlog
C:\Users\Asus\documents\visual studio 2010\Projects\Tes1\Tes1\Debug\link.7100.write.1.tlog
C:\Users\Asus\documents\visual studio 2010\Projects\Tes1\Tes1\Debug\link.7100-cvtres.read.1.tlog
C:\Users\Asus\documents\visual studio 2010\Projects\Tes1\Tes1\Debug\link.7100-cvtres.write.1.tlog
C:\Users\Asus\documents\visual studio 2010\Projects\Tes1\Tes1\Debug\link.7160.read.1.tlog
C:\Users\Asus\documents\visual studio 2010\Projects\Tes1\Tes1\Debug\link.7160.write.1.tlog
C:\Users\Asus\documents\visual studio 2010\Projects\Tes1\Tes1\Debug\link.7160-cvtres.read.1.tlog
C:\Users\Asus\documents\visual studio 2010\Projects\Tes1\Tes1\Debug\link.7160-cvtres.write.1.tlog
C:\Users\Asus\documents\visual studio 2010\Projects\Tes1\Tes1\Debug\link.7372.read.1.tlog
C:\Users\Asus\documents\visual studio 2010\Projects\Tes1\Tes1\Debug\link.7372.write.1.tlog
C:\Users\Asus\documents\visual studio 2010\Projects\Tes1\Tes1\Debug\link.7372-cvtres.read.1.tlog
C:\Users\Asus\documents\visual studio 2010\Projects\Tes1\Tes1\Debug\link.7372-cvtres.write.1.tlog
C:\Users\Asus\documents\visual studio 2010\Projects\Tes1\Tes1\Debug\link.744.read.1.tlog
C:\Users\Asus\documents\visual studio 2010\Projects\Tes1\Tes1\Debug\link.744.write.1.tlog
C:\Users\Asus\documents\visual studio 2010\Projects\Tes1\Tes1\Debug\link.744-cvtres.read.1.tlog
C:\Users\Asus\documents\visual studio 2010\Projects\Tes1\Tes1\Debug\link.744-cvtres.write.1.tlog
C:\Users\Asus\documents\visual studio 2010\Projects\Tes1\Tes1\Debug\link.7524.read.1.tlog
C:\Users\Asus\documents\visual studio 2010\Projects\Tes1\Tes1\Debug\link.7524.write.1.tlog
C:\Users\Asus\documents\visual studio 2010\Projects\Tes1\Tes1\Debug\link.7524-cvtres.read.1.tlog
C:\Users\Asus\documents\visual studio 2010\Projects\Tes1\Tes1\Debug\link.7524-cvtres.write.1.tlog
C:\Users\Asus\documents\visual studio 2010\Projects\Tes1\Tes1\Debug\link.7592.read.1.tlog
C:\Users\Asus\documents\visual studio 2010\Projects\Tes1\Tes1\Debug\link.7592.write.1.tlog
C:\Users\Asus\documents\visual studio 2010\Projects\Tes1\Tes1\Debug\link.7592-cvtres.read.1.tlog
C:\Users\Asus\documents\visual studio 2010\Projects\Tes1\Tes1\Debug\link.7592-cvtres.write.1.tlog
C:\Users\Asus\documents\visual studio 2010\Projects\Tes1\Tes1\Debug\link.7724.read.1.tlog
C:\Users\Asus\documents\visual studio 2010\Projects\Tes1\Tes1\Debug\link.7724.write.1.tlog
C:\Users\Asus\documents\visual studio 2010\Projects\Tes1\Tes1\Debug\link.7724-cvtres.read.1.tlog
C:\Users\Asus\documents\visual studio 2010\Projects\Tes1\Tes1\Debug\link.7724-cvtres.write.1.tlog
C:\Users\Asus\documents\visual studio 2010\Projects\Tes1\Tes1\Debug\link.7740.read.1.tlog
C:\Users\Asus\documents\visual studio 2010\Projects\Tes1\Tes1\Debug\link.7740.write.1.tlog
C:\Users\Asus\documents\visual studio 2010\Projects\Tes1\Tes1\Debug\link.7740-cvtres.read.1.tlog
C:\Users\Asus\documents\visual studio 2010\Projects\Tes1\Tes1\Debug\link.7740-cvtres.write.1.tlog
C:\Users\Asus\documents\visual studio 2010\Projects\Tes1\Tes1\Debug\link.7776.read.1.tlog
C:\Users\Asus\documents\visual studio 2010\Projects\Tes1\Tes1\Debug\link.7776.write.1.tlog
C:\Users\Asus\documents\visual studio 2010\Projects\Tes1\Tes1\Debug\link.7776-cvtres.read.1.tlog
C:\Users\Asus\documents\visual studio 2010\Projects\Tes1\Tes1\Debug\link.7776-cvtres.write.1.tlog
C:\Users\Asus\documents\visual studio 2010\Projects\Tes1\Tes1\Debug\link.8108.read.1.tlog
C:\Users\Asus\documents\visual studio 2010\Projects\Tes1\Tes1\Debug\link.8108.write.1.tlog
C:\Users\Asus\documents\visual studio 2010\Projects\Tes1\Tes1\Debug\link.8108-cvtres.read.1.tlog
C:\Users\Asus\documents\visual studio 2010\Projects\Tes1\Tes1\Debug\link.8108-cvtres.write.1.tlog
C:\Users\Asus\documents\visual studio 2010\Projects\Tes1\Tes1\Debug\link.8160.read.1.tlog
C:\Users\Asus\documents\visual studio 2010\Projects\Tes1\Tes1\Debug\link.8160.write.1.tlog
C:\Users\Asus\documents\visual studio 2010\Projects\Tes1\Tes1\Debug\link.8160-cvtres.read.1.tlog
C:\Users\Asus\documents\visual studio 2010\Projects\Tes1\Tes1\Debug\link.8160-cvtres.write.1.tlog
C:\Users\Asus\documents\visual studio 2010\Projects\Tes1\Tes1\Debug\link.964.read.1.tlog
C:\Users\Asus\documents\visual studio 2010\Projects\Tes1\Tes1\Debug\link.964.write.1.tlog
C:\Users\Asus\documents\visual studio 2010\Projects\Tes1\Tes1\Debug\link.964-cvtres.read.1.tlog
C:\Users\Asus\documents\visual studio 2010\Projects\Tes1\Tes1\Debug\link.964-cvtres.write.1.tlog
C:\Users\Asus\documents\visual studio 2010\Projects\Tes1\Tes1\Debug\link.command.1.tlog
C:\Users\Asus\documents\visual studio 2010\Projects\Tes1\Tes1\Debug\link.read.1.tlog
C:\Users\Asus\documents\visual studio 2010\Projects\Tes1\Tes1\Debug\link.write.1.tlog
C:\Users\Asus\documents\visual studio 2010\Projects\Tes1\Tes1\Debug\mt.command.1.tlog
C:\Users\Asus\documents\visual studio 2010\Projects\Tes1\Tes1\Debug\mt.read.1.tlog
C:\Users\Asus\documents\visual studio 2010\Projects\Tes1\Tes1\Debug\mt.write.1.tlog
C:\Users\Asus\documents\visual studio 2010\Projects\Tes1\Tes1\Debug\rc.command.1.tlog
C:\Users\Asus\documents\visual studio 2010\Projects\Tes1\Tes1\Debug\rc.read.1.tlog
C:\Users\Asus\documents\visual studio 2010\Projects\Tes1\Tes1\Debug\rc.write.1.tlog
C:\USERS\ASUS\DOCUMENTS\VISUAL STUDIO 2010\PROJECTS\TES1\TES1\DEBUG\STDAFX.OBJ
C:\USERS\ASUS\DOCUMENTS\VISUAL STUDIO 2010\PROJECTS\TES1\TES1\DEBUG\TES1.EXE.INTERMEDIATE.MANIFEST
C:\Users\Asus\documents\visual studio 2010\Projects\Tes1\Tes1\Debug\Tes1.Form1.resources
C:\USERS\ASUS\DOCUMENTS\VISUAL STUDIO 2010\PROJECTS\TES1\TES1\DEBUG\TES1.OBJ
C:\USERS\ASUS\DOCUMENTS\VISUAL STUDIO 2010\PROJECTS\TES1\TES1\DEBUG\TES1.PCH
C:\Users\Asus\documents\visual studio 2010\Projects\Tes1\Tes1\Debug\Tes1.vcxproj.GenerateResource.Cache
C:\Users\Asus\documents\visual studio 2010\Projects\Tes1\Tes1\Debug\Tes1.vcxprojResolveAssemblyReference.cache
C:\Users\Asus\documents\visual studio 2010\Projects\Tes1\Tes1\Debug\Tes1.write.1.tlog
C:\USERS\ASUS\DOCUMENTS\VISUAL STUDIO 2010\PROJECTS\TES1\TES1\DEBUG\VC100.PDB
